<?xml version="1.0" encoding="UTF-8"?>
<!-- Generated by org.testng.reporters.JUnitReportReporter -->
<testsuite hostname="ndi-mb-257" failures="0" tests="2" name="testClasses.CheckoutTests" time="15.317" errors="0" timestamp="2022-01-16T20:56:52 IST" skipped="0">
  <testcase classname="testClasses.CheckoutTests" name="initImpl" time="0.017"/>
  <system-out/>
  <testcase classname="testClasses.CheckoutTests" name="test_case_3" time="15.300"/>
  <system-out/>
</testsuite> <!-- testClasses.CheckoutTests -->
