<?xml version="1.0" encoding="UTF-8"?>
<!-- Generated by org.testng.reporters.JUnitReportReporter -->
<testsuite hostname="ndi-mb-257" failures="0" tests="3" name="testClasses.ContactUsTests" time="24.647" errors="0" timestamp="2022-02-14T20:11:58 IST" skipped="0">
  <testcase classname="testClasses.ContactUsTests" name="test_enter_invalid_credentials" time="5.102"/>
  <system-out/>
  <testcase classname="testClasses.ContactUsTests" name="test_enter_valid_credentials" time="19.517"/>
  <system-out/>
  <testcase classname="testClasses.ContactUsTests" name="initImpl" time="0.028"/>
  <system-out/>
</testsuite> <!-- testClasses.ContactUsTests -->
