<?xml version="1.0" encoding="UTF-8"?>
<!-- Generated by org.testng.reporters.JUnitReportReporter -->
<testsuite hostname="ndi-mb-257" failures="0" tests="2" name="testClasses.CheckoutTests" time="24.993" errors="0" timestamp="2022-02-09T19:44:39 IST" skipped="0">
  <testcase classname="testClasses.CheckoutTests" name="test_checkout_product" time="24.966"/>
  <system-out/>
  <testcase classname="testClasses.CheckoutTests" name="initImpl" time="0.027"/>
  <system-out/>
</testsuite> <!-- testClasses.CheckoutTests -->
