<?xml version="1.0" encoding="UTF-8"?>
<!-- Generated by org.testng.reporters.JUnitReportReporter -->
<testsuite hostname="ndi-mb-257" failures="0" tests="2" name="testClasses.SaucedemoTests" time="7.142" errors="0" timestamp="2022-02-14T21:18:15 IST" skipped="0">
  <testcase classname="testClasses.SaucedemoTests" name="initImpl" time="0.035"/>
  <system-out/>
  <testcase classname="testClasses.SaucedemoTests" name="test_saucedemo_product_checkout" time="7.107"/>
  <system-out/>
</testsuite> <!-- testClasses.SaucedemoTests -->
