<?xml version="1.0" encoding="UTF-8"?>
<!-- Generated by org.testng.reporters.JUnitReportReporter -->
<testsuite hostname="ndi-mb-257" failures="0" tests="3" name="testClasses.ContactUsTests" time="9.749" errors="0" timestamp="2022-01-16T20:55:23 IST" skipped="0">
  <testcase classname="testClasses.ContactUsTests" name="test_case_2" time="5.437"/>
  <system-out/>
  <testcase classname="testClasses.ContactUsTests" name="initImpl" time="0.018"/>
  <system-out/>
  <testcase classname="testClasses.ContactUsTests" name="test_case_1" time="4.294"/>
  <system-out/>
</testsuite> <!-- testClasses.ContactUsTests -->
