<?xml version="1.0" encoding="UTF-8"?>
<!-- Generated by org.testng.reporters.JUnitReportReporter -->
<testsuite hostname="ndi-mb-257" failures="0" tests="2" name="testClasses.CheckoutTests" time="26.608" errors="0" timestamp="2022-02-14T20:07:11 IST" skipped="0">
  <testcase classname="testClasses.CheckoutTests" name="initImpl" time="0.332"/>
  <system-out/>
  <testcase classname="testClasses.CheckoutTests" name="test_checkout_product" time="26.276"/>
  <system-out/>
</testsuite> <!-- testClasses.CheckoutTests -->
